{
  "RSpec": {
    "coverage": {
      "/Users/bhsdrew/Desktop/deviate-io/lib/deviate.rb": [
        null,
        null,
        null,
        1,
        1,
        1,
        1,
        1,
        1,
        1,
        1,
        null,
        1,
        null,
        null,
        1,
        1,
        1,
        1,
        1,
        1,
        null,
        1,
        1,
        1,
        null,
        1,
        1,
        1,
        1,
        1,
        null,
        null,
        null,
        1,
        null,
        null,
        null,
        null,
        null,
        null,
        null,
        1,
        null,
        null,
        null,
        null,
        null,
        null,
        1,
        1,
        1,
        null,
        null,
        1,
        3,
        3,
        9,
        null,
        3,
        null,
        null,
        1,
        3,
        3,
        3,
        9,
        9,
        null,
        3,
        null,
        null,
        null
      ],
      "/Users/bhsdrew/Desktop/deviate-io/lib/blog_routes.rb": [
        1,
        1,
        1,
        null,
        1,
        2,
        2,
        2,
        2,
        null,
        null,
        null,
        2,
        null,
        null,
        null,
        1,
        1,
        3,
        1,
        1,
        null,
        null,
        null,
        1,
        2,
        6,
        2,
        2,
        2,
        null,
        null,
        null,
        2,
        null,
        null,
        2,
        null,
        null,
        1,
        1,
        null,
        null,
        1,
        1,
        null,
        null,
        1,
        1,
        null,
        null,
        null,
        null
      ]
    },
    "timestamp": 1399827590
  }
}
